<?xml version="1.0" encoding="UTF-8"?>
<!-- Generated by org.testng.reporters.JUnitXMLReporter -->
<testsuite ignored="0" hostname="LAPTOP-EO03HQDD" failures="0" tests="10" name="Calculate Relief" time="0.525" errors="0" timestamp="2020-12-13T20:49:41 SGT">
  <testcase classname="testcases.CalculateRelief" name="calculateRelief" time="0.006"/>
  <testcase classname="testcases.CalculateRelief" name="calculateRelief" time="0.006"/>
  <testcase classname="testcases.CalculateRelief" name="calculateRelief" time="0.011"/>
  <testcase classname="testcases.CalculateRelief" name="calculateRelief" time="0.005"/>
  <testcase classname="testcases.CalculateRelief" name="calculateRelief" time="0.002"/>
  <testcase classname="testcases.CalculateRelief" name="calculateRelief" time="0.007"/>
  <testcase classname="testcases.CalculateRelief" name="calculateRelief" time="0.002"/>
  <testcase classname="testcases.CalculateRelief" name="calculateRelief" time="0.003"/>
  <testcase classname="testcases.CalculateRelief" name="calculateRelief" time="0.004"/>
  <testcase classname="testcases.CalculateRelief" name="calculateRelief" time="0.001"/>
</testsuite> <!-- Calculate Relief -->
